2025-03-04 16:03:33,902 - SWAHILI_LEARNING_APP - Initializing Swahili Learning App...
2025-03-04 16:03:34,433 - SWAHILI_LEARNING_APP - Entering render_setup_state
2025-03-04 16:03:34,433 - SWAHILI_LEARNING_APP - No vocabulary loaded
2025-03-04 16:14:15,111 - SWAHILI_LEARNING_APP - Initializing Swahili Learning App...
2025-03-04 16:14:15,116 - SWAHILI_LEARNING_APP - Entering render_setup_state
2025-03-04 16:14:15,117 - SWAHILI_LEARNING_APP - No vocabulary loaded
2025-03-04 16:14:37,840 - SWAHILI_LEARNING_APP - Initializing Swahili Learning App...
2025-03-04 16:14:38,559 - SWAHILI_LEARNING_APP - Entering render_setup_state
2025-03-04 16:14:38,559 - SWAHILI_LEARNING_APP - No vocabulary loaded
2025-03-04 16:19:28,989 - SWAHILI_LEARNING_APP - Initializing Swahili Learning App...
2025-03-04 16:19:29,568 - SWAHILI_LEARNING_APP - Entering render_setup_state
2025-03-04 16:19:29,568 - SWAHILI_LEARNING_APP - No vocabulary loaded
2025-03-04 16:21:36,898 - SWAHILI_LEARNING_APP - Initializing Swahili Learning App...
2025-03-04 16:21:37,602 - SWAHILI_LEARNING_APP - Entering render_setup_state
2025-03-04 16:21:37,604 - SWAHILI_LEARNING_APP - No vocabulary loaded
2025-03-04 16:22:25,611 - SWAHILI_LEARNING_APP - Initializing Swahili Learning App...
2025-03-04 16:22:25,615 - SWAHILI_LEARNING_APP - Making API request to: http://localhost:8000/api/groups/1/words/
2025-03-04 16:22:27,682 - SWAHILI_LEARNING_APP - Response status: 401
2025-03-04 16:22:27,682 - SWAHILI_LEARNING_APP - Response content: {"detail":"Authentication credentials were not provided."}
2025-03-04 16:22:27,682 - SWAHILI_LEARNING_APP - API request failed: 401
2025-03-04 16:22:27,682 - SWAHILI_LEARNING_APP - Entering render_setup_state
2025-03-04 16:22:27,682 - SWAHILI_LEARNING_APP - No vocabulary loaded
2025-03-04 16:24:21,269 - SWAHILI_LEARNING_APP - Initializing Swahili Learning App...
2025-03-04 16:24:23,480 - SWAHILI_LEARNING_APP - Entering render_setup_state
2025-03-04 16:24:23,489 - SWAHILI_LEARNING_APP - Generate button state: False
2025-03-04 16:24:27,562 - SWAHILI_LEARNING_APP - Initializing Swahili Learning App...
2025-03-04 16:28:32,646 - SWAHILI_LEARNING_APP - Initializing Swahili Learning App...
2025-03-04 16:28:40,702 - SWAHILI_LEARNING_APP - Initializing Swahili Learning App...
2025-03-04 16:28:55,769 - SWAHILI_LEARNING_APP - Initializing Swahili Learning App...
2025-03-04 16:29:00,406 - SWAHILI_LEARNING_APP - Initializing Swahili Learning App...
2025-03-04 16:29:03,836 - SWAHILI_LEARNING_APP - Initializing Swahili Learning App...
2025-03-04 16:32:28,326 - SWAHILI_LEARNING_APP - Initializing Swahili Learning App...
2025-03-04 16:32:36,228 - SWAHILI_LEARNING_APP - Initializing Swahili Learning App...
2025-03-04 16:32:38,230 - SWAHILI_LEARNING_APP - Initializing Swahili Learning App...
2025-03-04 16:32:40,808 - SWAHILI_LEARNING_APP - Initializing Swahili Learning App...
2025-03-04 16:32:42,248 - SWAHILI_LEARNING_APP - Initializing Swahili Learning App...
2025-03-04 16:32:45,163 - SWAHILI_LEARNING_APP - Initializing Swahili Learning App...
2025-03-04 16:32:54,083 - SWAHILI_LEARNING_APP - Initializing Swahili Learning App...
2025-03-04 16:32:55,222 - SWAHILI_LEARNING_APP - Initializing Swahili Learning App...
2025-03-04 16:33:01,454 - SWAHILI_LEARNING_APP - Initializing Swahili Learning App...
2025-03-04 17:31:21,571 - SWAHILI_LEARNING_APP - Initializing Swahili Learning App...
2025-03-04 17:31:36,186 - SWAHILI_LEARNING_APP - Initializing Swahili Learning App...
2025-03-04 17:31:37,301 - SWAHILI_LEARNING_APP - Initializing Swahili Learning App...
2025-03-04 17:31:45,154 - SWAHILI_LEARNING_APP - Initializing Swahili Learning App...
2025-03-04 17:32:36,498 - SWAHILI_LEARNING_APP - Initializing Swahili Learning App...
2025-03-04 18:42:06,112 - SWAHILI_LEARNING_APP - Initializing Swahili Learning App...
2025-03-04 18:42:12,045 - SWAHILI_LEARNING_APP - Initializing Swahili Learning App...
